#
# A fatal error has been detected by the Java Runtime Environment:
#
#  SIGSEGV (0xb) at pc=0x00002b2958b764ba, pid=10463, tid=47456542239424
#
# JRE version: OpenJDK Runtime Environment (7.0_95) (build 1.7.0_95-b00)
# Java VM: OpenJDK 64-Bit Server VM (24.95-b01 mixed mode linux-amd64 compressed oops)
# Derivative: IcedTea 2.6.4
# Distribution: Ubuntu 14.04.3 LTS, package 7u95-2.6.4-0ubuntu0.14.04.1
# Problematic frame:
# V  [libjvm.so+0x5fa4ba]
#
# Failed to write core dump. Core dumps have been disabled. To enable core dumping, try "ulimit -c unlimited" before starting Java again
#
# If you would like to submit a bug report, please include
# instructions on how to reproduce the bug and visit:
#   http://icedtea.classpath.org/bugzilla
#

---------------  T H R E A D  ---------------

Current thread (0x0000000002f29800):  JavaThread "main" [_thread_in_vm, id=10463, stack(0x00007ffdd1ccf000,0x00007ffdd1dcf000)]

siginfo:si_signo=SIGSEGV: si_errno=0, si_code=1 (SEGV_MAPERR), si_addr=0x0000000000000000

Registers:
RAX=0x0000000002f99df0, RBX=0x0000000002f98080, RCX=0x0000000000000028, RDX=0x00002b2958379d85
RSP=0x00007ffdd1dccd10, RBP=0x00007ffdd1dccd60, RSI=0x0000000000000028, RDI=0x0000000002f99df9
R8 =0x0000000000000016, R9 =0x6c69667373616c63, R10=0x00007ffdd1dccbb0, R11=0x00002b2958379c1e
R12=0x0000000002f99df0, R13=0x0000000002f29800, R14=0x00002b2958379d9d, R15=0x0000000000000000
RIP=0x00002b2958b764ba, EFLAGS=0x0000000000010206, CSGSFS=0x0000000000000033, ERR=0x0000000000000004
  TRAPNO=0x000000000000000e

Top of Stack: (sp=0x00007ffdd1dccd10)
0x00007ffdd1dccd10:   0000000102f29800 00007ffdd1dccd2c
0x00007ffdd1dccd20:   00007ffdd1dccdc0 3231c38a5857b040
0x00007ffdd1dccd30:   0000000000000000 0000000002f29800
0x00007ffdd1dccd40:   0000000000000000 00002b2958379d9d
0x00007ffdd1dccd50:   00002b2958379d86 00007ffdd1dccfb0
0x00007ffdd1dccd60:   00007ffdd1dccdb0 00002b2958b7bead
0x00007ffdd1dccd70:   0000000002f29800 0000000002f2a030
0x00007ffdd1dccd80:   00000000000000ae 00002b2958f3c190
0x00007ffdd1dccd90:   0000000002f00330 00007ffdd1dcce90
0x00007ffdd1dccda0:   0000000002ea7000 00002b2958176d40
0x00007ffdd1dccdb0:   00007ffdd1dccde0 00002b2958379c56
0x00007ffdd1dccdc0:   00002b2958379d86 00002b2958379d9d
0x00007ffdd1dccdd0:   0000000000000000 0000000002f299d8
0x00007ffdd1dccde0:   00007ffdd1dcce20 00002b2958379b61
0x00007ffdd1dccdf0:   00002b295796d9e0 0000000002f00330
0x00007ffdd1dcce00:   0000000002f299d8 0000000000000000
0x00007ffdd1dcce10:   0000000000000000 0000000002effad0
0x00007ffdd1dcce20:   00007ffdd1dcce50 00002b2958176d7c
0x00007ffdd1dcce30:   0000000600000007 00007ffdd1dccf00
0x00007ffdd1dcce40:   0000000002ea7000 0000000000000000
0x00007ffdd1dcce50:   00007ffdd1dcced0 0000000000916f22
0x00007ffdd1dcce60:   0000000000000000 00007ffdd1dcd020
0x00007ffdd1dcce70:   0000000002ea7000 00002b2958176d40
0x00007ffdd1dcce80:   0000000000000000 0000000000000000
0x00007ffdd1dcce90:   00007ffdd1dccf18 00007ffdd1dcd018
0x00007ffdd1dccea0:   0000000000000000 00007ffdd1dcd018
0x00007ffdd1dcceb0:   0000000002ea7000 00007ffdd1dcd018
0x00007ffdd1dccec0:   00007ffdd1dccfa0 0000000002ef1ec0
0x00007ffdd1dcced0:   00007ffdd1dccf90 00000000009413e1
0x00007ffdd1dccee0:   0000000002ea7000 0000000300bbd45e
0x00007ffdd1dccef0:   0000000002eeff38 0000000002eeff38
0x00007ffdd1dccf00:   0000000001134330 0000000002ea7000 

Instructions: (pc=0x00002b2958b764ba)
0x00002b2958b7649a:   e7 89 c6 48 89 ca e8 eb 00 2d 00 48 85 db 49 89
0x00002b2958b764aa:   c4 0f 84 97 02 00 00 48 85 c0 0f 84 f6 02 00 00
0x00002b2958b764ba:   49 8b 3f e8 3e 59 ff ff 84 c0 0f 85 16 03 00 00
0x00002b2958b764ca:   49 8b 3f e8 6e 58 ff ff 48 85 c0 49 89 c0 0f 84 

Register to memory mapping:

RAX=0x0000000002f99df0 is an unknown value
RBX=0x0000000002f98080 is an unknown value
RCX=0x0000000000000028 is an unknown value
RDX=0x00002b2958379d85: <offset 0xd85> in /usr/local/lib/libraryController/libmaincontroller.so at 0x00002b2958379000
RSP=0x00007ffdd1dccd10 is pointing into the stack for thread: 0x0000000002f29800
RBP=0x00007ffdd1dccd60 is pointing into the stack for thread: 0x0000000002f29800
RSI=0x0000000000000028 is an unknown value
RDI=0x0000000002f99df9 is an unknown value
R8 =0x0000000000000016 is an unknown value
R9 =0x6c69667373616c63 is an unknown value
R10=0x00007ffdd1dccbb0 is pointing into the stack for thread: 0x0000000002f29800
R11=0x00002b2958379c1e: _ZN7JNIEnv_17GetStaticMethodIDEP7_jclassPKcS3_+0 in /usr/local/lib/libraryController/libmaincontroller.so at 0x00002b2958379000
R12=0x0000000002f99df0 is an unknown value
R13=0x0000000002f29800 is a thread
R14=0x00002b2958379d9d: <offset 0xd9d> in /usr/local/lib/libraryController/libmaincontroller.so at 0x00002b2958379000
R15=0x0000000000000000 is an unknown value


Stack: [0x00007ffdd1ccf000,0x00007ffdd1dcf000],  sp=0x00007ffdd1dccd10,  free space=1015k
Native frames: (J=compiled Java code, j=interpreted, Vv=VM code, C=native code)
V  [libjvm.so+0x5fa4ba]
V  [libjvm.so+0x5ffead]
C  [libmaincontroller.so+0xc56]  JNIEnv_::GetStaticMethodID(_jclass*, char const*, char const*)+0x38
C  [libmaincontroller.so+0xb61]  MainController::callHello()+0x51
C  [controller.node+0xd7c]  demo::Method(v8::FunctionCallbackInfo<v8::Value> const&)+0x3c
C  [node+0x516f22]  v8::internal::FunctionCallbackArguments::Call(void (*)(v8::FunctionCallbackInfo<v8::Value> const&))+0x92
C  [node+0x5413e1]
C  [node+0x5418d2]
C  0x00003c183900839b
C  0x00003c183914da2c
C  0x00003c1839034a9c
C  0x00003c183914d33c
C  0x00003c1839145bab
C  0x00003c18391429bb
C  0x00003c183913826e
C  0x00003c1839137c86
C  0x00003c183903b594
C  0x00003c1839038eb5
C  0x00003c1839031bdd
C  0x00003c1839015282
C  [node+0x68886d]  v8::internal::Execution::Call(v8::internal::Isolate*, v8::internal::Handle<v8::internal::Object>, v8::internal::Handle<v8::internal::Object>, int, v8::internal::Handle<v8::internal::Object>*, bool)+0x11d
C  [node+0x4f5db6]  v8::Function::Call(v8::Local<v8::Context>, v8::Local<v8::Value>, int, v8::Local<v8::Value>*)+0xf6
C  [node+0x500651]  v8::Function::Call(v8::Local<v8::Value>, int, v8::Local<v8::Value>*)+0x41
C  [node+0xa31b95]  node::LoadEnvironment(node::Environment*)+0x1c5
C  [node+0xa3387b]  node::Start(int, char**)+0x3eb


---------------  P R O C E S S  ---------------

Java Threads: ( => current thread )
  0x000000000316c000 JavaThread "Service Thread" daemon [_thread_blocked, id=10476, stack(0x00002b2968eec000,0x00002b2968fed000)]
  0x000000000316a000 JavaThread "C2 CompilerThread1" daemon [_thread_blocked, id=10475, stack(0x00002b2968deb000,0x00002b2968eec000)]
  0x0000000003167000 JavaThread "C2 CompilerThread0" daemon [_thread_blocked, id=10474, stack(0x00002b2968cea000,0x00002b2968deb000)]
  0x0000000003165000 JavaThread "Signal Dispatcher" daemon [_thread_blocked, id=10473, stack(0x00002b2968be9000,0x00002b2968cea000)]
  0x0000000003138000 JavaThread "Finalizer" daemon [_thread_blocked, id=10472, stack(0x00002b2968404000,0x00002b2968505000)]
  0x0000000003136000 JavaThread "Reference Handler" daemon [_thread_blocked, id=10471, stack(0x00002b2968303000,0x00002b2968404000)]
=>0x0000000002f29800 JavaThread "main" [_thread_in_vm, id=10463, stack(0x00007ffdd1ccf000,0x00007ffdd1dcf000)]

Other Threads:
  0x0000000003131800 VMThread [stack: 0x00002b2968202000,0x00002b2968303000] [id=10470]
  0x0000000003177000 WatcherThread [stack: 0x00002b2968fed000,0x00002b29690ee000] [id=10477]

VM state:not at safepoint (normal execution)

VM Mutex/Monitor currently owned by a thread: None

Heap
 PSYoungGen      total 14336K, used 491K [0x00000000f0480000, 0x00000000f1480000, 0x0000000100000000)
  eden space 12288K, 4% used [0x00000000f0480000,0x00000000f04fae80,0x00000000f1080000)
  from space 2048K, 0% used [0x00000000f1280000,0x00000000f1280000,0x00000000f1480000)
  to   space 2048K, 0% used [0x00000000f1080000,0x00000000f1080000,0x00000000f1280000)
 ParOldGen       total 31744K, used 0K [0x00000000d0e00000, 0x00000000d2d00000, 0x00000000f0480000)
  object space 31744K, 0% used [0x00000000d0e00000,0x00000000d0e00000,0x00000000d2d00000)
 PSPermGen       total 21504K, used 2589K [0x00000000c6800000, 0x00000000c7d00000, 0x00000000d0e00000)
  object space 21504K, 12% used [0x00000000c6800000,0x00000000c6a874b8,0x00000000c7d00000)

Card table byte_map: [0x00002b295d42a000,0x00002b295d5f7000] byte_map_base: 0x00002b295cdf6000

Polling page: 0x00002b2956564000

Code Cache  [0x00002b295a42a000, 0x00002b295a69a000, 0x00002b295d42a000)
 total_blobs=164 nmethods=0 adapters=133 free_code_cache=48775Kb largest_free_block=49945664

Compilation events (0 events):
No events

GC Heap History (0 events):
No events

Deoptimization events (0 events):
No events

Internal exceptions (9 events):
Event: 0,033 Thread 0x0000000002f29800 Threw 0x00000000f048f268 at /build/openjdk-7-2FOwCu/openjdk-7-7u95-2.6.4/build/openjdk/hotspot/src/share/vm/prims/jni.cpp:4027
Event: 0,105 Thread 0x0000000002f29800 Threw 0x00000000f04c4430 at /build/openjdk-7-2FOwCu/openjdk-7-7u95-2.6.4/build/openjdk/hotspot/src/share/vm/prims/jni.cpp:721
Event: 0,106 Thread 0x0000000002f29800 Threw 0x00000000f04c45b0 at /build/openjdk-7-2FOwCu/openjdk-7-7u95-2.6.4/build/openjdk/hotspot/src/share/vm/prims/jvm.cpp:1322
Event: 0,106 Thread 0x0000000002f29800 Threw 0x00000000f04c46d8 at /build/openjdk-7-2FOwCu/openjdk-7-7u95-2.6.4/build/openjdk/hotspot/src/share/vm/prims/jvm.cpp:1322
Event: 0,109 Thread 0x0000000002f29800 Threw 0x00000000f04c9c20 at /build/openjdk-7-2FOwCu/openjdk-7-7u95-2.6.4/build/openjdk/hotspot/src/share/vm/prims/jvm.cpp:1322
Event: 0,110 Thread 0x0000000002f29800 Threw 0x00000000f04ca510 at /build/openjdk-7-2FOwCu/openjdk-7-7u95-2.6.4/build/openjdk/hotspot/src/share/vm/prims/jvm.cpp:1322
Event: 0,110 Thread 0x0000000002f29800 Threw 0x00000000f04ca638 at /build/openjdk-7-2FOwCu/openjdk-7-7u95-2.6.4/build/openjdk/hotspot/src/share/vm/prims/jvm.cpp:1322
Event: 0,110 Thread 0x0000000002f29800 Threw 0x00000000f04ca888 at /build/openjdk-7-2FOwCu/openjdk-7-7u95-2.6.4/build/openjdk/hotspot/src/share/vm/prims/jvm.cpp:1322
Event: 0,110 Thread 0x0000000002f29800 Threw 0x00000000f04ca9e8 at /build/openjdk-7-2FOwCu/openjdk-7-7u95-2.6.4/build/openjdk/hotspot/src/share/vm/classfile/systemDictionary.cpp:174

Events (10 events):
Event: 0,101 loading class 0x0000000003170d60
Event: 0,101 loading class 0x0000000003170d60 done
Event: 0,104 loading class 0x000000000316f420
Event: 0,104 loading class 0x0000000002f96e30
Event: 0,105 loading class 0x0000000002f96e30 done
Event: 0,105 loading class 0x000000000316f420 done
Event: 0,105 loading class 0x0000000002f96e50
Event: 0,105 loading class 0x0000000002f96e50 done
Event: 0,109 loading class 0x0000000002fdb030
Event: 0,110 loading class 0x0000000002fdb030 done


Dynamic libraries:
00400000-017d7000 r-xp 00000000 08:01 275284                             /usr/bin/nodejs
019d6000-019d7000 r--p 013d6000 08:01 275284                             /usr/bin/nodejs
019d7000-019f0000 rw-p 013d7000 08:01 275284                             /usr/bin/nodejs
019f0000-01a02000 rw-p 00000000 00:00 0 
02ea5000-031bc000 rw-p 00000000 00:00 0                                  [heap]
c6800000-c7d00000 rw-p 00000000 00:00 0 
c7d00000-d0e00000 rw-p 00000000 00:00 0 
d0e00000-d2d00000 rw-p 00000000 00:00 0 
d2d00000-f0480000 rw-p 00000000 00:00 0 
f0480000-f1480000 rw-p 00000000 00:00 0 
f1480000-100000000 rw-p 00000000 00:00 0 
d59a200000-d59a300000 rw-p 00000000 00:00 0 
1919ead00000-1919eae00000 rw-p 00000000 00:00 0 
1bbb018ae000-1bbb018c0000 ---p 00000000 00:00 0 
1bbb018c0000-1bbb018e0000 rw-p 00000000 00:00 0 
1bbb018e0000-1bbb0190e000 ---p 00000000 00:00 0 
1d912e700000-1d912e800000 rw-p 00000000 00:00 0 
208b9a498000-208b9a4d8000 rw-p 00000000 00:00 0 
208b9a4d8000-208b9a898000 ---p 00000000 00:00 0 
2b295653e000-2b2956561000 r-xp 00000000 08:01 267189                     /lib/x86_64-linux-gnu/ld-2.19.so
2b2956561000-2b2956564000 rw-p 00000000 00:00 0 
2b2956564000-2b2956565000 r--p 00000000 00:00 0 
2b2956565000-2b2956566000 rw-p 00000000 00:00 0 
2b2956566000-2b295656e000 rw-s 00000000 08:01 83                         /tmp/hsperfdata_root/10463
2b295656e000-2b295656f000 r--s 00002000 08:01 414862                     /usr/lib/jvm/java-7-openjdk-amd64/jre/lib/ext/dnsns.jar
2b295656f000-2b2956572000 r--s 0000f000 08:01 414863                     /usr/lib/jvm/java-7-openjdk-amd64/jre/lib/ext/icedtea-sound.jar
2b2956572000-2b2956574000 r--s 00006000 08:01 675908                     /usr/share/java/java-atk-wrapper.jar
2b2956574000-2b2956576000 r--s 00012000 08:01 414860                     /usr/lib/jvm/java-7-openjdk-amd64/jre/lib/ext/zipfs.jar
2b2956576000-2b2956588000 rw-p 00000000 00:00 0 
2b2956588000-2b295663e000 rw-p 00000000 00:00 0 
2b295663e000-2b295664e000 rw-p 00000000 00:00 0 
2b295664e000-2b295673a000 rw-p 00000000 00:00 0 
2b295673a000-2b295674c000 rw-p 00000000 00:00 0 
2b295674c000-2b2956750000 r--s 0003c000 08:01 414861                     /usr/lib/jvm/java-7-openjdk-amd64/jre/lib/ext/sunpkcs11.jar
2b2956750000-2b2956754000 r--s 00085000 08:01 414858                     /usr/lib/jvm/java-7-openjdk-amd64/jre/lib/ext/localedata.jar
2b2956754000-2b2956758000 r--s 00034000 08:01 414859                     /usr/lib/jvm/java-7-openjdk-amd64/jre/lib/ext/sunjce_provider.jar
2b2956760000-2b2956761000 r--p 00022000 08:01 267189                     /lib/x86_64-linux-gnu/ld-2.19.so
2b2956761000-2b2956762000 rw-p 00023000 08:01 267189                     /lib/x86_64-linux-gnu/ld-2.19.so
2b2956762000-2b2956763000 rw-p 00000000 00:00 0 
2b2956763000-2b2956766000 r-xp 00000000 08:01 266333                     /lib/x86_64-linux-gnu/libdl-2.19.so
2b2956766000-2b2956965000 ---p 00003000 08:01 266333                     /lib/x86_64-linux-gnu/libdl-2.19.so
2b2956965000-2b2956966000 r--p 00002000 08:01 266333                     /lib/x86_64-linux-gnu/libdl-2.19.so
2b2956966000-2b2956967000 rw-p 00003000 08:01 266333                     /lib/x86_64-linux-gnu/libdl-2.19.so
2b2956967000-2b295696e000 r-xp 00000000 08:01 267199                     /lib/x86_64-linux-gnu/librt-2.19.so
2b295696e000-2b2956b6d000 ---p 00007000 08:01 267199                     /lib/x86_64-linux-gnu/librt-2.19.so
2b2956b6d000-2b2956b6e000 r--p 00006000 08:01 267199                     /lib/x86_64-linux-gnu/librt-2.19.so
2b2956b6e000-2b2956b6f000 rw-p 00007000 08:01 267199                     /lib/x86_64-linux-gnu/librt-2.19.so
2b2956b6f000-2b2956c55000 r-xp 00000000 08:01 392947                     /usr/lib/x86_64-linux-gnu/libstdc++.so.6.0.19
2b2956c55000-2b2956e54000 ---p 000e6000 08:01 392947                     /usr/lib/x86_64-linux-gnu/libstdc++.so.6.0.19
2b2956e54000-2b2956e5c000 r--p 000e5000 08:01 392947                     /usr/lib/x86_64-linux-gnu/libstdc++.so.6.0.19
2b2956e5c000-2b2956e5e000 rw-p 000ed000 08:01 392947                     /usr/lib/x86_64-linux-gnu/libstdc++.so.6.0.19
2b2956e5e000-2b2956e73000 rw-p 00000000 00:00 0 
2b2956e73000-2b2956f78000 r-xp 00000000 08:01 266079                     /lib/x86_64-linux-gnu/libm-2.19.so
2b2956f78000-2b2957177000 ---p 00105000 08:01 266079                     /lib/x86_64-linux-gnu/libm-2.19.so
2b2957177000-2b2957178000 r--p 00104000 08:01 266079                     /lib/x86_64-linux-gnu/libm-2.19.so
2b2957178000-2b2957179000 rw-p 00105000 08:01 266079                     /lib/x86_64-linux-gnu/libm-2.19.so
2b2957179000-2b295718f000 r-xp 00000000 08:01 265726                     /lib/x86_64-linux-gnu/libgcc_s.so.1
2b295718f000-2b295738e000 ---p 00016000 08:01 265726                     /lib/x86_64-linux-gnu/libgcc_s.so.1
2b295738e000-2b295738f000 rw-p 00015000 08:01 265726                     /lib/x86_64-linux-gnu/libgcc_s.so.1
2b295738f000-2b29573a8000 r-xp 00000000 08:01 267159                     /lib/x86_64-linux-gnu/libpthread-2.19.so
2b29573a8000-2b29575a7000 ---p 00019000 08:01 267159                     /lib/x86_64-linux-gnu/libpthread-2.19.so
2b29575a7000-2b29575a8000 r--p 00018000 08:01 267159                     /lib/x86_64-linux-gnu/libpthread-2.19.so
2b29575a8000-2b29575a9000 rw-p 00019000 08:01 267159                     /lib/x86_64-linux-gnu/libpthread-2.19.so
2b29575a9000-2b29575ad000 rw-p 00000000 00:00 0 
2b29575ad000-2b2957768000 r-xp 00000000 08:01 267200                     /lib/x86_64-linux-gnu/libc-2.19.so
2b2957768000-2b2957967000 ---p 001bb000 08:01 267200                     /lib/x86_64-linux-gnu/libc-2.19.so
2b2957967000-2b295796b000 r--p 001ba000 08:01 267200                     /lib/x86_64-linux-gnu/libc-2.19.so
2b295796b000-2b295796d000 rw-p 001be000 08:01 267200                     /lib/x86_64-linux-gnu/libc-2.19.so
2b295796d000-2b2957972000 rw-p 00000000 00:00 0 
2b2957972000-2b2957973000 ---p 00000000 00:00 0 
2b2957973000-2b2957b73000 rw-p 00000000 00:00 0                          [stack:10464]
2b2957b73000-2b2957b74000 ---p 00000000 00:00 0 
2b2957b74000-2b2957d74000 rw-p 00000000 00:00 0                          [stack:10465]
2b2957d74000-2b2957d75000 ---p 00000000 00:00 0 
2b2957d75000-2b2957f75000 rw-p 00000000 00:00 0                          [stack:10466]
2b2957f75000-2b2957f76000 ---p 00000000 00:00 0 
2b2957f76000-2b2958176000 rw-p 00000000 00:00 0                          [stack:10467]
2b2958176000-2b2958177000 r-xp 00000000 08:01 1048388                    /home/felipe/main_controller/node/build/Release/controller.node
2b2958177000-2b2958377000 ---p 00001000 08:01 1048388                    /home/felipe/main_controller/node/build/Release/controller.node
2b2958377000-2b2958378000 r--p 00001000 08:01 1048388                    /home/felipe/main_controller/node/build/Release/controller.node
2b2958378000-2b2958379000 rw-p 00002000 08:01 1048388                    /home/felipe/main_controller/node/build/Release/controller.node
2b2958379000-2b295837a000 r-xp 00000000 08:01 393831                     /usr/local/lib/libraryController/libmaincontroller-1.0.so
2b295837a000-2b295857a000 ---p 00001000 08:01 393831                     /usr/local/lib/libraryController/libmaincontroller-1.0.so
2b295857a000-2b295857b000 r--p 00001000 08:01 393831                     /usr/local/lib/libraryController/libmaincontroller-1.0.so
2b295857b000-2b295857c000 rw-p 00002000 08:01 393831                     /usr/local/lib/libraryController/libmaincontroller-1.0.so
2b295857c000-2b29590a1000 r-xp 00000000 08:01 414827                     /usr/lib/jvm/java-7-openjdk-amd64/jre/lib/amd64/server/libjvm.so
2b29590a1000-2b29592a1000 ---p 00b25000 08:01 414827                     /usr/lib/jvm/java-7-openjdk-amd64/jre/lib/amd64/server/libjvm.so
2b29592a1000-2b295933b000 r--p 00b25000 08:01 414827                     /usr/lib/jvm/java-7-openjdk-amd64/jre/lib/amd64/server/libjvm.so
2b295933b000-2b295935e000 rw-p 00bbf000 08:01 414827                     /usr/lib/jvm/java-7-openjdk-amd64/jre/lib/amd64/server/libjvm.so
2b295935e000-2b295938c000 rw-p 00000000 00:00 0 
2b295938c000-2b295939c000 r-xp 00000000 08:01 414831                     /usr/lib/jvm/java-7-openjdk-amd64/jre/lib/amd64/libverify.so
2b295939c000-2b295959b000 ---p 00010000 08:01 414831                     /usr/lib/jvm/java-7-openjdk-amd64/jre/lib/amd64/libverify.so
2b295959b000-2b295959d000 r--p 0000f000 08:01 414831                     /usr/lib/jvm/java-7-openjdk-amd64/jre/lib/amd64/libverify.so
2b295959d000-2b295959e000 rw-p 00011000 08:01 414831                     /usr/lib/jvm/java-7-openjdk-amd64/jre/lib/amd64/libverify.so
2b295959e000-2b29595c9000 r-xp 00000000 08:01 414848                     /usr/lib/jvm/java-7-openjdk-amd64/jre/lib/amd64/libjava.so
2b29595c9000-2b29597c9000 ---p 0002b000 08:01 414848                     /usr/lib/jvm/java-7-openjdk-amd64/jre/lib/amd64/libjava.so
2b29597c9000-2b29597ca000 r--p 0002b000 08:01 414848                     /usr/lib/jvm/java-7-openjdk-amd64/jre/lib/amd64/libjava.so
2b29597ca000-2b29597cc000 rw-p 0002c000 08:01 414848                     /usr/lib/jvm/java-7-openjdk-amd64/jre/lib/amd64/libjava.so
2b29597cc000-2b29597d5000 r-xp 00000000 08:01 266612                     /lib/x86_64-linux-gnu/libnss_compat-2.19.so
2b29597d5000-2b29599d4000 ---p 00009000 08:01 266612                     /lib/x86_64-linux-gnu/libnss_compat-2.19.so
2b29599d4000-2b29599d5000 r--p 00008000 08:01 266612                     /lib/x86_64-linux-gnu/libnss_compat-2.19.so
2b29599d5000-2b29599d6000 rw-p 00009000 08:01 266612                     /lib/x86_64-linux-gnu/libnss_compat-2.19.so
2b29599d6000-2b29599ed000 r-xp 00000000 08:01 266942                     /lib/x86_64-linux-gnu/libnsl-2.19.so
2b29599ed000-2b2959bec000 ---p 00017000 08:01 266942                     /lib/x86_64-linux-gnu/libnsl-2.19.so
2b2959bec000-2b2959bed000 r--p 00016000 08:01 266942                     /lib/x86_64-linux-gnu/libnsl-2.19.so
2b2959bed000-2b2959bee000 rw-p 00017000 08:01 266942                     /lib/x86_64-linux-gnu/libnsl-2.19.so
2b2959bee000-2b2959bf0000 rw-p 00000000 00:00 0 
2b2959bf0000-2b2959bfb000 r-xp 00000000 08:01 267191                     /lib/x86_64-linux-gnu/libnss_nis-2.19.so
2b2959bfb000-2b2959dfa000 ---p 0000b000 08:01 267191                     /lib/x86_64-linux-gnu/libnss_nis-2.19.so
2b2959dfa000-2b2959dfb000 r--p 0000a000 08:01 267191                     /lib/x86_64-linux-gnu/libnss_nis-2.19.so
2b2959dfb000-2b2959dfc000 rw-p 0000b000 08:01 267191                     /lib/x86_64-linux-gnu/libnss_nis-2.19.so
2b2959dfc000-2b2959e07000 r-xp 00000000 08:01 267203                     /lib/x86_64-linux-gnu/libnss_files-2.19.so
2b2959e07000-2b295a006000 ---p 0000b000 08:01 267203                     /lib/x86_64-linux-gnu/libnss_files-2.19.so
2b295a006000-2b295a007000 r--p 0000a000 08:01 267203                     /lib/x86_64-linux-gnu/libnss_files-2.19.so
2b295a007000-2b295a008000 rw-p 0000b000 08:01 267203                     /lib/x86_64-linux-gnu/libnss_files-2.19.so
2b295a008000-2b295a010000 r-xp 00000000 08:01 414825                     /usr/lib/jvm/java-7-openjdk-amd64/jre/lib/amd64/libzip.so
2b295a010000-2b295a20f000 ---p 00008000 08:01 414825                     /usr/lib/jvm/java-7-openjdk-amd64/jre/lib/amd64/libzip.so
2b295a20f000-2b295a210000 r--p 00007000 08:01 414825                     /usr/lib/jvm/java-7-openjdk-amd64/jre/lib/amd64/libzip.so
2b295a210000-2b295a211000 rw-p 00008000 08:01 414825                     /usr/lib/jvm/java-7-openjdk-amd64/jre/lib/amd64/libzip.so
2b295a211000-2b295a229000 r-xp 00000000 08:01 265601                     /lib/x86_64-linux-gnu/libz.so.1.2.8
2b295a229000-2b295a428000 ---p 00018000 08:01 265601                     /lib/x86_64-linux-gnu/libz.so.1.2.8
2b295a428000-2b295a429000 r--p 00017000 08:01 265601                     /lib/x86_64-linux-gnu/libz.so.1.2.8
2b295a429000-2b295a42a000 rw-p 00018000 08:01 265601                     /lib/x86_64-linux-gnu/libz.so.1.2.8
2b295a42a000-2b295a69a000 rwxp 00000000 00:00 0 
2b295a69a000-2b295d42a000 rw-p 00000000 00:00 0 
2b295d42a000-2b295d435000 rw-p 00000000 00:00 0 
2b295d435000-2b295d47d000 rw-p 00000000 00:00 0 
2b295d47d000-2b295d48d000 rw-p 00000000 00:00 0 
2b295d48d000-2b295d578000 rw-p 00000000 00:00 0 
2b295d578000-2b295d581000 rw-p 00000000 00:00 0 
2b295d581000-2b295d5f6000 rw-p 00000000 00:00 0 
2b295d5f6000-2b295d602000 rw-p 00000000 00:00 0 
2b295d602000-2b295d64a000 rw-p 00000000 00:00 0 
2b295d64a000-2b295d64b000 ---p 00000000 00:00 0 
2b295d64b000-2b295d74b000 rw-p 00000000 00:00 0                          [stack:10468]
2b295d74b000-2b295d74c000 ---p 00000000 00:00 0 
2b295d74c000-2b295f6d8000 rw-p 00000000 00:00 0                          [stack:10469]
2b295f6d8000-2b295f88a000 r--s 01d2f000 08:01 414814                     /usr/lib/jvm/java-7-openjdk-amd64/jre/lib/rt.jar
2b295f88a000-2b295ff91000 rw-p 00000000 00:00 0 
2b2960000000-2b2960021000 rw-p 00000000 00:00 0 
2b2960021000-2b2964000000 ---p 00000000 00:00 0 
2b2964000000-2b2964021000 rw-p 00000000 00:00 0 
2b2964021000-2b2968000000 ---p 00000000 00:00 0 
2b2968000000-2b2968202000 rw-p 00000000 00:00 0 
2b2968202000-2b2968203000 ---p 00000000 00:00 0 
2b2968203000-2b2968303000 rw-p 00000000 00:00 0                          [stack:10470]
2b2968303000-2b2968306000 ---p 00000000 00:00 0 
2b2968306000-2b2968404000 rw-p 00000000 00:00 0                          [stack:10471]
2b2968404000-2b2968407000 ---p 00000000 00:00 0 
2b2968407000-2b2968505000 rw-p 00000000 00:00 0                          [stack:10472]
2b2968505000-2b2968be9000 r--p 00000000 08:01 395653                     /usr/lib/locale/locale-archive
2b2968be9000-2b2968bec000 ---p 00000000 00:00 0 
2b2968bec000-2b2968cea000 rw-p 00000000 00:00 0                          [stack:10473]
2b2968cea000-2b2968ced000 ---p 00000000 00:00 0 
2b2968ced000-2b2968deb000 rw-p 00000000 00:00 0                          [stack:10474]
2b2968deb000-2b2968dee000 ---p 00000000 00:00 0 
2b2968dee000-2b2968eec000 rw-p 00000000 00:00 0                          [stack:10475]
2b2968eec000-2b2968eef000 ---p 00000000 00:00 0 
2b2968eef000-2b2968fed000 rw-p 00000000 00:00 0                          [stack:10476]
2b2968fed000-2b2968fee000 ---p 00000000 00:00 0 
2b2968fee000-2b29690ee000 rw-p 00000000 00:00 0                          [stack:10477]
2b296c000000-2b296c021000 rw-p 00000000 00:00 0 
2b296c021000-2b2970000000 ---p 00000000 00:00 0 
2b2970000000-2b2970021000 rw-p 00000000 00:00 0 
2b2970021000-2b2974000000 ---p 00000000 00:00 0 
2b2974000000-2b2974021000 rw-p 00000000 00:00 0 
2b2974021000-2b2978000000 ---p 00000000 00:00 0 
2b2978000000-2b2978021000 rw-p 00000000 00:00 0 
2b2978021000-2b297c000000 ---p 00000000 00:00 0 
2b297c000000-2b297c021000 rw-p 00000000 00:00 0 
2b297c021000-2b2980000000 ---p 00000000 00:00 0 
2b2980000000-2b2980021000 rw-p 00000000 00:00 0 
2b2980021000-2b2984000000 ---p 00000000 00:00 0 
2b2984000000-2b2984021000 rw-p 00000000 00:00 0 
2b2984021000-2b2988000000 ---p 00000000 00:00 0 
2b2988000000-2b2988021000 rw-p 00000000 00:00 0 
2b2988021000-2b298c000000 ---p 00000000 00:00 0 
2d4d8ab00000-2d4d8ac00000 rw-p 00000000 00:00 0 
31edb6188000-31edb61a8000 rw-p 00000000 00:00 0 
31edb61a8000-31edb6388000 ---p 00000000 00:00 0 
3511c6ba3000-3511c6ba4000 r-xp 00000000 00:00 0 
3a44e0000000-3a44e0100000 rw-p 00000000 00:00 0 
3a44e0100000-3a44e1000000 ---p 00000000 00:00 0 
3a44e1000000-3a44e1100000 rw-p 00000000 00:00 0 
3a44e1100000-3a44e2000000 ---p 00000000 00:00 0 
3c1838bd6000-3c1838d00000 ---p 00000000 00:00 0 
3c1838d00000-3c1838d05000 rw-p 00000000 00:00 0 
3c1838d05000-3c1838d06000 ---p 00000000 00:00 0 
3c1838d06000-3c1838d07000 rwxp 00000000 00:00 0 
3c1838d07000-3c1838e00000 ---p 00000000 00:00 0 
3c1838e00000-3c1838e05000 rw-p 00000000 00:00 0 
3c1838e05000-3c1838e06000 ---p 00000000 00:00 0 
3c1838e06000-3c1838e07000 rwxp 00000000 00:00 0 
3c1838e07000-3c1838f00000 ---p 00000000 00:00 0 
3c1838f00000-3c1838f05000 rw-p 00000000 00:00 0 
3c1838f05000-3c1838f06000 ---p 00000000 00:00 0 
3c1838f06000-3c1838f07000 rwxp 00000000 00:00 0 
3c1838f07000-3c1839000000 ---p 00000000 00:00 0 
3c1839000000-3c1839005000 rw-p 00000000 00:00 0 
3c1839005000-3c1839006000 ---p 00000000 00:00 0 
3c1839006000-3c1839043000 rwxp 00000000 00:00 0 
3c1839043000-3c1839100000 ---p 00000000 00:00 0 
3c1839100000-3c1839105000 rw-p 00000000 00:00 0 
3c1839105000-3c1839106000 ---p 00000000 00:00 0 
3c1839106000-3c18391ff000 rwxp 00000000 00:00 0 
3c18391ff000-3c1858bd6000 ---p 00000000 00:00 0 
3fceb4900000-3fceb4914000 rw-p 00000000 00:00 0 
7ffdd1ccf000-7ffdd1cd2000 ---p 00000000 00:00 0 
7ffdd1cd3000-7ffdd1dcf000 rw-p 00000000 00:00 0                          [stack]
7ffdd1df6000-7ffdd1df8000 r--p 00000000 00:00 0                          [vvar]
7ffdd1df8000-7ffdd1dfa000 r-xp 00000000 00:00 0                          [vdso]
ffffffffff600000-ffffffffff601000 r-xp 00000000 00:00 0                  [vsyscall]

VM Arguments:
java_command: <unknown>
Launcher Type: generic

Environment Variables:
PATH=/usr/local/sbin:/usr/local/bin:/usr/sbin:/usr/bin:/sbin:/bin
USERNAME=root
LD_LIBRARY_PATH=D_LIBRARY_PATH:/usr/lib/jvm/java-1.7.0-openjdk-amd64/jre/lib/amd64/server:/usr/local/lib/libraryController
SHELL=/bin/bash
DISPLAY=:0

Signal Handlers:
SIGSEGV: [libjvm.so+0x955bc0], sa_mask[0]=0x7ffbfeff, sa_flags=0x10000004
SIGBUS: [libjvm.so+0x955bc0], sa_mask[0]=0x7ffbfeff, sa_flags=0x10000004
SIGFPE: [libjvm.so+0x7caff0], sa_mask[0]=0x7ffbfeff, sa_flags=0x10000004
SIGPIPE: [libjvm.so+0x7caff0], sa_mask[0]=0x7ffbfeff, sa_flags=0x10000004
SIGXFSZ: [libjvm.so+0x7caff0], sa_mask[0]=0x7ffbfeff, sa_flags=0x10000004
SIGILL: [libjvm.so+0x7caff0], sa_mask[0]=0x7ffbfeff, sa_flags=0x10000004
SIGUSR1: [+0xa26ee0], sa_mask[0]=0x7ffbfeff, sa_flags=0x00000000
SIGUSR2: [libjvm.so+0x7cae90], sa_mask[0]=0x00000000, sa_flags=0x10000004
SIGHUP: [libjvm.so+0x7cb070], sa_mask[0]=0x7ffbfeff, sa_flags=0x10000004
SIGINT: [libjvm.so+0x7cb070], sa_mask[0]=0x7ffbfeff, sa_flags=0x10000004
SIGTERM: [libjvm.so+0x7cb070], sa_mask[0]=0x7ffbfeff, sa_flags=0x10000004
SIGQUIT: [libjvm.so+0x7cb070], sa_mask[0]=0x7ffbfeff, sa_flags=0x10000004
SIGTRAP: SIG_DFL, sa_mask[0]=0x00000000, sa_flags=0x00000000


---------------  S Y S T E M  ---------------

OS:Ubuntu 14.04 (trusty)
uname:Linux 3.19.0-49-generic #55~14.04.1-Ubuntu SMP Fri Jan 22 11:24:31 UTC 2016 x86_64
libc:glibc 2.19 NPTL 2.19 
rlimit: STACK infinity, CORE 0k, NPROC 11952, NOFILE 4096, AS infinity
load average:0,48 0,53 0,47

/proc/meminfo:
MemTotal:        3081300 kB
MemFree:          938024 kB
MemAvailable:    1807512 kB
Buffers:          125452 kB
Cached:           739520 kB
SwapCached:            0 kB
Active:          1362764 kB
Inactive:         428992 kB
Active(anon):     927876 kB
Inactive(anon):    83580 kB
Active(file):     434888 kB
Inactive(file):   345412 kB
Unevictable:          48 kB
Mlocked:              48 kB
SwapTotal:       3143676 kB
SwapFree:        3143676 kB
Dirty:               460 kB
Writeback:             0 kB
AnonPages:        926964 kB
Mapped:           344324 kB
Shmem:             84528 kB
Slab:             281472 kB
SReclaimable:     258124 kB
SUnreclaim:        23348 kB
KernelStack:        7712 kB
PageTables:        36044 kB
NFS_Unstable:          0 kB
Bounce:                0 kB
WritebackTmp:          0 kB
CommitLimit:     4684324 kB
Committed_AS:    6904412 kB
VmallocTotal:   34359738367 kB
VmallocUsed:       17000 kB
VmallocChunk:   34359716844 kB
HardwareCorrupted:     0 kB
AnonHugePages:    354304 kB
CmaTotal:              0 kB
CmaFree:               0 kB
HugePages_Total:       0
HugePages_Free:        0
HugePages_Rsvd:        0
HugePages_Surp:        0
Hugepagesize:       2048 kB
DirectMap4k:      110528 kB
DirectMap2M:     3035136 kB


CPU:total 2 (2 cores per cpu, 1 threads per core) family 6 model 42 stepping 7, cmov, cx8, fxsr, mmx, sse, sse2, sse3, ssse3, sse4.1, sse4.2, popcnt, avx, aes, tsc, tscinvbit

/proc/cpuinfo:
processor	: 0
vendor_id	: GenuineIntel
cpu family	: 6
model		: 42
model name	: Intel(R) Core(TM) i5-2415M CPU @ 2.30GHz
stepping	: 7
cpu MHz		: 2294.770
cache size	: 3072 KB
physical id	: 0
siblings	: 2
core id		: 0
cpu cores	: 2
apicid		: 0
initial apicid	: 0
fpu		: yes
fpu_exception	: yes
cpuid level	: 13
wp		: yes
flags		: fpu vme de pse tsc msr pae mce cx8 apic sep mtrr pge mca cmov pat pse36 clflush mmx fxsr sse sse2 ht syscall nx rdtscp lm constant_tsc rep_good nopl xtopology nonstop_tsc pni pclmulqdq ssse3 cx16 sse4_1 sse4_2 popcnt aes xsave avx hypervisor lahf_lm
bugs		:
bogomips	: 4589.54
clflush size	: 64
cache_alignment	: 64
address sizes	: 36 bits physical, 48 bits virtual
power management:

processor	: 1
vendor_id	: GenuineIntel
cpu family	: 6
model		: 42
model name	: Intel(R) Core(TM) i5-2415M CPU @ 2.30GHz
stepping	: 7
cpu MHz		: 2294.770
cache size	: 3072 KB
physical id	: 0
siblings	: 2
core id		: 1
cpu cores	: 2
apicid		: 1
initial apicid	: 1
fpu		: yes
fpu_exception	: yes
cpuid level	: 13
wp		: yes
flags		: fpu vme de pse tsc msr pae mce cx8 apic sep mtrr pge mca cmov pat pse36 clflush mmx fxsr sse sse2 ht syscall nx rdtscp lm constant_tsc rep_good nopl xtopology nonstop_tsc pni pclmulqdq ssse3 cx16 sse4_1 sse4_2 popcnt aes xsave avx hypervisor lahf_lm
bugs		:
bogomips	: 4589.54
clflush size	: 64
cache_alignment	: 64
address sizes	: 36 bits physical, 48 bits virtual
power management:



Memory: 4k page, physical 3081300k(938024k free), swap 3143676k(3143676k free)

vm_info: OpenJDK 64-Bit Server VM (24.95-b01) for linux-amd64 JRE (1.7.0_95-b00), built on Jan 21 2016 03:31:40 by "buildd" with gcc 4.8.4

time: Tue Feb 23 17:29:59 2016
elapsed time: 0 seconds

